2025-12-04 19:22:27 - clinica_veterinaria - DEBUG - 🔍 Mensaje de DEBUG
2025-12-04 19:22:27 - clinica_veterinaria - INFO - ✅ Mensaje de INFO
2025-12-04 19:22:27 - clinica_veterinaria - WARNING - ⚠ Mensaje de WARNING
2025-12-04 19:22:27 - clinica_veterinaria - ERROR - ❌ Mensaje de ERROR
2025-12-04 19:23:56 - clinica_veterinaria - DEBUG - 🔍 Mensaje de DEBUG
2025-12-04 19:23:56 - clinica_veterinaria - INFO - ✅ Mensaje de INFO
2025-12-04 19:23:56 - clinica_veterinaria - WARNING - ⚠ Mensaje de WARNING
2025-12-04 19:23:56 - clinica_veterinaria - ERROR - ❌ Mensaje de ERROR
2025-12-04 19:24:12 - clinica_veterinaria - ERROR - ❌ Error en test_context: ClienteNoEncontradoException: Cliente con ID 1 no encontrado
Traceback (most recent call last):
  File "<string>", line 6, in <module>
src.exceptions.ClienteNoEncontradoException: ClienteNoEncontradoException: Cliente con ID 1 no encontrado
2025-12-04 19:36:36 - clinica_veterinaria - DEBUG - 🔍 Session state inicializado
2025-12-04 19:36:36 - clinica_veterinaria - INFO - ✅ Dashboard mostrado
2025-12-04 19:36:36 - clinica_veterinaria - DEBUG - 🔍 Página renderizada: 📊 Dashboard
2025-12-04 19:37:09 - clinica_veterinaria - DEBUG - 🔍 Session state inicializado
2025-12-04 19:37:09 - clinica_veterinaria - DEBUG - 🔍 Lista de clientes vacía
2025-12-04 19:37:09 - clinica_veterinaria - DEBUG - 🔍 Página renderizada: 📋 Clientes
2025-12-04 19:37:17 - clinica_veterinaria - DEBUG - 🔍 Session state inicializado
2025-12-04 19:37:17 - clinica_veterinaria - WARNING - ⚠ Intento de acceder a mascotas sin clientes
2025-12-04 19:37:17 - clinica_veterinaria - DEBUG - 🔍 Página renderizada: 🐾 Mascotas
2025-12-04 19:37:19 - clinica_veterinaria - DEBUG - 🔍 Session state inicializado
2025-12-04 19:37:19 - clinica_veterinaria - DEBUG - 🔍 Página renderizada: 👨‍⚕️ Veterinarios
2025-12-04 19:37:20 - clinica_veterinaria - DEBUG - 🔍 Session state inicializado
2025-12-04 19:37:20 - clinica_veterinaria - DEBUG - 🔍 Página renderizada: 📅 Citas
2025-12-04 19:37:21 - clinica_veterinaria - DEBUG - 🔍 Session state inicializado
2025-12-04 19:37:21 - clinica_veterinaria - INFO - ✅ Dashboard mostrado
2025-12-04 19:37:21 - clinica_veterinaria - DEBUG - 🔍 Página renderizada: 📊 Dashboard
2025-12-04 19:41:22 - clinica_veterinaria - DEBUG - 🔍 Session state inicializado
2025-12-04 19:41:22 - clinica_veterinaria - INFO - ✅ Dashboard mostrado
2025-12-04 19:41:22 - clinica_veterinaria - DEBUG - 🔍 Página renderizada: 📊 Dashboard
2025-12-04 19:41:26 - clinica_veterinaria - DEBUG - 🔍 Session state inicializado
2025-12-04 19:41:26 - clinica_veterinaria - INFO - ✅ Dashboard mostrado
2025-12-04 19:41:26 - clinica_veterinaria - DEBUG - 🔍 Página renderizada: 📊 Dashboard
2025-12-04 19:42:13 - clinica_veterinaria - DEBUG - 🔍 Session state inicializado
2025-12-04 19:42:13 - clinica_veterinaria - INFO - ✅ Dashboard mostrado
2025-12-04 19:42:13 - clinica_veterinaria - DEBUG - 🔍 Página renderizada: 📊 Dashboard
2025-12-04 19:42:14 - clinica_veterinaria - DEBUG - 🔍 Session state inicializado
2025-12-04 19:42:14 - clinica_veterinaria - DEBUG - 🔍 Lista de clientes vacía
2025-12-04 19:42:14 - clinica_veterinaria - DEBUG - 🔍 Página renderizada: 📋 Clientes
2025-12-04 19:42:41 - clinica_veterinaria - DEBUG - 🔍 Session state inicializado
2025-12-04 19:42:41 - clinica_veterinaria - INFO - ✅ Dashboard mostrado
2025-12-04 19:42:41 - clinica_veterinaria - DEBUG - 🔍 Página renderizada: 📊 Dashboard
2025-12-04 19:53:06 - clinica_veterinaria - DEBUG - 🔍 Session state inicializado
2025-12-04 19:53:06 - clinica_veterinaria - INFO - ✅ Dashboard mostrado
2025-12-04 19:58:12 - clinica_veterinaria - DEBUG - 🔍 Session state inicializado
2025-12-04 19:58:12 - clinica_veterinaria - INFO - ✅ Dashboard mostrado
2025-12-04 19:58:17 - clinica_veterinaria - DEBUG - 🔍 Session state inicializado
2025-12-04 19:58:17 - clinica_veterinaria - ERROR - ❌ Error: 'charmap' codec can't decode byte 0x9d in position 2934: character maps to <undefined>
2025-12-04 19:58:21 - clinica_veterinaria - DEBUG - 🔍 Session state inicializado
2025-12-04 19:58:21 - clinica_veterinaria - ERROR - ❌ Error: 'charmap' codec can't decode byte 0x90 in position 708: character maps to <undefined>
2025-12-04 19:58:22 - clinica_veterinaria - DEBUG - 🔍 Session state inicializado
2025-12-04 19:58:22 - clinica_veterinaria - ERROR - ❌ Error: 'charmap' codec can't decode byte 0x9d in position 3645: character maps to <undefined>
2025-12-04 19:58:23 - clinica_veterinaria - DEBUG - 🔍 Session state inicializado
2025-12-04 19:58:23 - clinica_veterinaria - ERROR - ❌ Error: `set_page_config()` can only be called once per app page, and must be called as the first Streamlit command in your script.

For more information refer to the [docs](https://docs.streamlit.io/library/api-reference/utilities/st.set_page_config).
2025-12-04 19:58:24 - clinica_veterinaria - DEBUG - 🔍 Session state inicializado
2025-12-04 19:58:24 - clinica_veterinaria - ERROR - ❌ Error: 'charmap' codec can't decode byte 0x90 in position 1224: character maps to <undefined>
2025-12-04 19:58:33 - clinica_veterinaria - DEBUG - 🔍 Session state inicializado
2025-12-04 19:58:33 - clinica_veterinaria - INFO - ✅ Dashboard mostrado
2025-12-04 20:00:32 - clinica_veterinaria - INFO - Logger configurado correctamente
2025-12-04 20:00:32 - clinica_veterinaria - INFO - ✅ Dashboard principal cargado correctamente.
2025-12-04 20:03:27 - clinica_veterinaria - INFO - Logger configurado correctamente
2025-12-04 20:03:27 - clinica_veterinaria - INFO - ✅ Página principal cargado correctamente.
2025-12-04 20:04:06 - clinica_veterinaria - INFO - Logger configurado correctamente
2025-12-04 20:04:06 - clinica_veterinaria - INFO - ✅ Página principal cargada correctamente.
2025-12-04 20:39:41 - clinica_veterinaria - INFO - ✅ Cliente creado con ID: 1
2025-12-04 20:39:41 - clinica_veterinaria - INFO - ✅ Cliente creado con ID: 1
2025-12-04 20:39:41 - clinica_veterinaria - INFO - ✅ Cliente creado con ID: 1
2025-12-04 20:39:41 - clinica_veterinaria - INFO - ✅ Cliente creado con ID: 2
2025-12-04 20:39:41 - clinica_veterinaria - INFO - ✅ Cliente creado con ID: 1
2025-12-04 20:39:41 - clinica_veterinaria - INFO - ✅ Cliente creado con ID: 1
2025-12-04 20:39:41 - clinica_veterinaria - INFO - ✅ Cliente creado con ID: 2
2025-12-04 20:39:41 - clinica_veterinaria - INFO - ✅ Cliente creado con ID: 1
2025-12-04 20:39:41 - clinica_veterinaria - INFO - ✅ Cliente creado con ID: 1
2025-12-04 20:39:41 - clinica_veterinaria - INFO - ✅ Cliente 1 actualizado
2025-12-04 20:39:41 - clinica_veterinaria - INFO - ✅ Cliente creado con ID: 1
2025-12-04 20:39:41 - clinica_veterinaria - INFO - ✅ Cliente creado con ID: 1
2025-12-04 20:39:41 - clinica_veterinaria - INFO - ✅ Cliente Mica eliminado
2025-12-04 20:39:41 - clinica_veterinaria - ERROR - ❌ Error en eliminar_cliente: ClienteNoEncontradoException: Cliente con ID 999 no encontrado
Traceback (most recent call last):
  File "C:\Users\Alejandro\clinicaveterinaria\src\clientes.py", line 226, in eliminar_cliente
    cliente = _RepositorioCliente.obtener_por_id(cliente_id)
              ^^^^^^^^^^^^^^^^^^^^^^^^^^^^^^^^^^^^^^^^^^^^^^
  File "C:\Users\Alejandro\clinicaveterinaria\src\clientes.py", line 56, in obtener_por_id
    raise ClienteNoEncontradoException(cliente_id)
src.exceptions.ClienteNoEncontradoException: ClienteNoEncontradoException: Cliente con ID 999 no encontrado
2025-12-04 20:44:39 - clinica_veterinaria - INFO - ✅ Cliente creado con ID: 1
2025-12-04 20:44:39 - clinica_veterinaria - INFO - ✅ Cliente creado con ID: 1
2025-12-04 20:44:39 - clinica_veterinaria - INFO - ✅ Cliente creado con ID: 1
2025-12-04 20:44:39 - clinica_veterinaria - INFO - ✅ Cliente creado con ID: 2
2025-12-04 20:44:39 - clinica_veterinaria - INFO - ✅ Cliente creado con ID: 1
2025-12-04 20:44:39 - clinica_veterinaria - INFO - ✅ Cliente creado con ID: 1
2025-12-04 20:44:39 - clinica_veterinaria - INFO - ✅ Cliente creado con ID: 2
2025-12-04 20:44:39 - clinica_veterinaria - INFO - ✅ Cliente creado con ID: 1
2025-12-04 20:44:39 - clinica_veterinaria - INFO - ✅ Cliente creado con ID: 1
2025-12-04 20:44:39 - clinica_veterinaria - INFO - ✅ Cliente 1 actualizado
2025-12-04 20:44:40 - clinica_veterinaria - INFO - ✅ Cliente creado con ID: 1
2025-12-04 20:44:40 - clinica_veterinaria - INFO - ✅ Cliente creado con ID: 1
2025-12-04 20:44:40 - clinica_veterinaria - INFO - ✅ Cliente Mica eliminado
2025-12-04 20:44:40 - clinica_veterinaria - ERROR - ❌ Error en eliminar_cliente: ClienteNoEncontradoException: Cliente con ID 999 no encontrado
Traceback (most recent call last):
  File "C:\Users\Alejandro\clinicaveterinaria\src\clientes.py", line 226, in eliminar_cliente
    cliente = _RepositorioCliente.obtener_por_id(cliente_id)
              ^^^^^^^^^^^^^^^^^^^^^^^^^^^^^^^^^^^^^^^^^^^^^^
  File "C:\Users\Alejandro\clinicaveterinaria\src\clientes.py", line 56, in obtener_por_id
    raise ClienteNoEncontradoException(cliente_id)
src.exceptions.ClienteNoEncontradoException: ClienteNoEncontradoException: Cliente con ID 999 no encontrado
2025-12-04 20:44:40 - clinica_veterinaria - INFO - ✅ Mascota creada con ID: 1
2025-12-04 20:44:40 - clinica_veterinaria - INFO - ✅ Mascota creada con ID: 1
2025-12-04 20:44:40 - clinica_veterinaria - INFO - ✅ Mascota creada con ID: 2
2025-12-04 20:44:40 - clinica_veterinaria - INFO - ✅ Mascota creada con ID: 1
2025-12-04 20:44:40 - clinica_veterinaria - INFO - ✅ Mascota creada con ID: 1
2025-12-04 20:44:40 - clinica_veterinaria - INFO - ✅ Mascota creada con ID: 2
2025-12-04 20:44:40 - clinica_veterinaria - INFO - ✅ Mascota creada con ID: 1
2025-12-04 20:44:40 - clinica_veterinaria - INFO - ✅ Mascota 1 actualizada
2025-12-04 20:44:40 - clinica_veterinaria - INFO - ✅ Mascota creada con ID: 1
2025-12-04 20:44:40 - clinica_veterinaria - INFO - ✅ Mascota creada con ID: 1
2025-12-04 20:44:40 - clinica_veterinaria - INFO - ✅ Mascota Luna eliminada
2025-12-04 20:44:40 - clinica_veterinaria - ERROR - ❌ Error en eliminar_mascota: MascotaNoEncontradaException: Mascota con ID 999 no encontrada
Traceback (most recent call last):
  File "C:\Users\Alejandro\clinicaveterinaria\src\mascotas.py", line 236, in eliminar_mascota
    mascota = _RepositorioMascota.obtener_por_id(mascota_id)
              ^^^^^^^^^^^^^^^^^^^^^^^^^^^^^^^^^^^^^^^^^^^^^^
  File "C:\Users\Alejandro\clinicaveterinaria\src\mascotas.py", line 59, in obtener_por_id
    raise MascotaNoEncontradaException(mascota_id)
src.exceptions.MascotaNoEncontradaException: MascotaNoEncontradaException: Mascota con ID 999 no encontrada
2025-12-04 20:44:40 - clinica_veterinaria - INFO - ✅ Mascota creada con ID: 1
2025-12-04 20:45:59 - clinica_veterinaria - INFO - ✅ Cliente creado con ID: 1
2025-12-04 20:45:59 - clinica_veterinaria - INFO - ✅ Cliente creado con ID: 1
2025-12-04 20:45:59 - clinica_veterinaria - INFO - ✅ Cliente creado con ID: 1
2025-12-04 20:45:59 - clinica_veterinaria - INFO - ✅ Cliente creado con ID: 2
2025-12-04 20:45:59 - clinica_veterinaria - INFO - ✅ Cliente creado con ID: 1
2025-12-04 20:45:59 - clinica_veterinaria - INFO - ✅ Cliente creado con ID: 1
2025-12-04 20:45:59 - clinica_veterinaria - INFO - ✅ Cliente creado con ID: 2
2025-12-04 20:45:59 - clinica_veterinaria - INFO - ✅ Cliente creado con ID: 1
2025-12-04 20:45:59 - clinica_veterinaria - INFO - ✅ Cliente creado con ID: 1
2025-12-04 20:45:59 - clinica_veterinaria - INFO - ✅ Cliente 1 actualizado
2025-12-04 20:45:59 - clinica_veterinaria - INFO - ✅ Cliente creado con ID: 1
2025-12-04 20:45:59 - clinica_veterinaria - INFO - ✅ Cliente creado con ID: 1
2025-12-04 20:45:59 - clinica_veterinaria - INFO - ✅ Cliente Mica eliminado
2025-12-04 20:45:59 - clinica_veterinaria - ERROR - ❌ Error en eliminar_cliente: ClienteNoEncontradoException: Cliente con ID 999 no encontrado
Traceback (most recent call last):
  File "C:\Users\Alejandro\clinicaveterinaria\src\clientes.py", line 226, in eliminar_cliente
    cliente = _RepositorioCliente.obtener_por_id(cliente_id)
              ^^^^^^^^^^^^^^^^^^^^^^^^^^^^^^^^^^^^^^^^^^^^^^
  File "C:\Users\Alejandro\clinicaveterinaria\src\clientes.py", line 56, in obtener_por_id
    raise ClienteNoEncontradoException(cliente_id)
src.exceptions.ClienteNoEncontradoException: ClienteNoEncontradoException: Cliente con ID 999 no encontrado
2025-12-04 20:45:59 - clinica_veterinaria - INFO - ✅ Mascota creada con ID: 1
2025-12-04 20:45:59 - clinica_veterinaria - INFO - ✅ Mascota creada con ID: 1
2025-12-04 20:45:59 - clinica_veterinaria - INFO - ✅ Mascota creada con ID: 2
2025-12-04 20:45:59 - clinica_veterinaria - INFO - ✅ Mascota creada con ID: 1
2025-12-04 20:45:59 - clinica_veterinaria - INFO - ✅ Mascota creada con ID: 1
2025-12-04 20:45:59 - clinica_veterinaria - INFO - ✅ Mascota creada con ID: 2
2025-12-04 20:45:59 - clinica_veterinaria - INFO - ✅ Mascota creada con ID: 1
2025-12-04 20:45:59 - clinica_veterinaria - INFO - ✅ Mascota 1 actualizada
2025-12-04 20:45:59 - clinica_veterinaria - INFO - ✅ Mascota creada con ID: 1
2025-12-04 20:45:59 - clinica_veterinaria - INFO - ✅ Mascota creada con ID: 1
2025-12-04 20:45:59 - clinica_veterinaria - INFO - ✅ Mascota Luna eliminada
2025-12-04 20:45:59 - clinica_veterinaria - ERROR - ❌ Error en eliminar_mascota: MascotaNoEncontradaException: Mascota con ID 999 no encontrada
Traceback (most recent call last):
  File "C:\Users\Alejandro\clinicaveterinaria\src\mascotas.py", line 236, in eliminar_mascota
    mascota = _RepositorioMascota.obtener_por_id(mascota_id)
              ^^^^^^^^^^^^^^^^^^^^^^^^^^^^^^^^^^^^^^^^^^^^^^
  File "C:\Users\Alejandro\clinicaveterinaria\src\mascotas.py", line 59, in obtener_por_id
    raise MascotaNoEncontradaException(mascota_id)
src.exceptions.MascotaNoEncontradaException: MascotaNoEncontradaException: Mascota con ID 999 no encontrada
2025-12-04 20:45:59 - clinica_veterinaria - INFO - ✅ Mascota creada con ID: 1
2025-12-04 20:48:08 - clinica_veterinaria - INFO - ✅ Cliente creado con ID: 1
2025-12-04 20:48:08 - clinica_veterinaria - INFO - ✅ Cliente creado con ID: 1
2025-12-04 20:48:08 - clinica_veterinaria - INFO - ✅ Cliente creado con ID: 1
2025-12-04 20:48:08 - clinica_veterinaria - INFO - ✅ Cliente creado con ID: 2
2025-12-04 20:48:08 - clinica_veterinaria - INFO - ✅ Cliente creado con ID: 1
2025-12-04 20:48:08 - clinica_veterinaria - INFO - ✅ Cliente creado con ID: 1
2025-12-04 20:48:08 - clinica_veterinaria - INFO - ✅ Cliente creado con ID: 2
2025-12-04 20:48:08 - clinica_veterinaria - INFO - ✅ Cliente creado con ID: 1
2025-12-04 20:48:08 - clinica_veterinaria - INFO - ✅ Cliente creado con ID: 1
2025-12-04 20:48:08 - clinica_veterinaria - INFO - ✅ Cliente 1 actualizado
2025-12-04 20:48:08 - clinica_veterinaria - INFO - ✅ Cliente creado con ID: 1
2025-12-04 20:48:09 - clinica_veterinaria - INFO - ✅ Cliente creado con ID: 1
2025-12-04 20:48:09 - clinica_veterinaria - INFO - ✅ Cliente Mica eliminado
2025-12-04 20:48:09 - clinica_veterinaria - ERROR - ❌ Error en eliminar_cliente: ClienteNoEncontradoException: Cliente con ID 999 no encontrado
Traceback (most recent call last):
  File "C:\Users\Alejandro\clinicaveterinaria\src\clientes.py", line 226, in eliminar_cliente
    cliente = _RepositorioCliente.obtener_por_id(cliente_id)
              ^^^^^^^^^^^^^^^^^^^^^^^^^^^^^^^^^^^^^^^^^^^^^^
  File "C:\Users\Alejandro\clinicaveterinaria\src\clientes.py", line 56, in obtener_por_id
    raise ClienteNoEncontradoException(cliente_id)
src.exceptions.ClienteNoEncontradoException: ClienteNoEncontradoException: Cliente con ID 999 no encontrado
2025-12-04 20:48:09 - clinica_veterinaria - INFO - ✅ Mascota creada con ID: 1
2025-12-04 20:48:09 - clinica_veterinaria - INFO - ✅ Mascota creada con ID: 1
2025-12-04 20:48:09 - clinica_veterinaria - INFO - ✅ Mascota creada con ID: 2
2025-12-04 20:48:09 - clinica_veterinaria - INFO - ✅ Mascota creada con ID: 1
2025-12-04 20:48:09 - clinica_veterinaria - INFO - ✅ Mascota creada con ID: 1
2025-12-04 20:48:09 - clinica_veterinaria - INFO - ✅ Mascota creada con ID: 2
2025-12-04 20:48:09 - clinica_veterinaria - INFO - ✅ Mascota creada con ID: 1
2025-12-04 20:48:09 - clinica_veterinaria - INFO - ✅ Mascota 1 actualizada
2025-12-04 20:48:09 - clinica_veterinaria - INFO - ✅ Mascota creada con ID: 1
2025-12-04 20:48:09 - clinica_veterinaria - INFO - ✅ Mascota creada con ID: 1
2025-12-04 20:48:09 - clinica_veterinaria - INFO - ✅ Mascota Luna eliminada
2025-12-04 20:48:09 - clinica_veterinaria - ERROR - ❌ Error en eliminar_mascota: MascotaNoEncontradaException: Mascota con ID 999 no encontrada
Traceback (most recent call last):
  File "C:\Users\Alejandro\clinicaveterinaria\src\mascotas.py", line 236, in eliminar_mascota
    mascota = _RepositorioMascota.obtener_por_id(mascota_id)
              ^^^^^^^^^^^^^^^^^^^^^^^^^^^^^^^^^^^^^^^^^^^^^^
  File "C:\Users\Alejandro\clinicaveterinaria\src\mascotas.py", line 59, in obtener_por_id
    raise MascotaNoEncontradaException(mascota_id)
src.exceptions.MascotaNoEncontradaException: MascotaNoEncontradaException: Mascota con ID 999 no encontrada
2025-12-04 20:48:09 - clinica_veterinaria - INFO - ✅ Mascota creada con ID: 1
2025-12-05 19:01:01 - clinica_veterinaria - INFO - Logger configurado correctamente
2025-12-05 19:01:03 - clinica_veterinaria - INFO - ✅ Página principal cargada correctamente.
2025-12-05 19:02:32 - clinica_veterinaria - INFO - ✅ Cliente creado con ID: 1
2025-12-05 19:02:37 - clinica_veterinaria - INFO - ✅ Cliente creado con ID: 2
2025-12-05 19:06:17 - clinica_veterinaria - INFO - Logger configurado correctamente
2025-12-05 19:06:17 - clinica_veterinaria - INFO - ✅ Página principal cargada correctamente.
2025-12-05 19:06:52 - clinica_veterinaria - INFO - Logger configurado correctamente
2025-12-05 19:06:52 - clinica_veterinaria - INFO - ✅ Página principal cargada correctamente.
2025-12-05 19:07:10 - clinica_veterinaria - INFO - Logger configurado correctamente
2025-12-05 19:07:10 - clinica_veterinaria - INFO - ✅ Página principal cargada correctamente.
2025-12-05 19:08:33 - clinica_veterinaria - INFO - ✅ Mascota creada con ID: 1
2025-12-05 19:08:34 - clinica_veterinaria - INFO - ✅ Mascota creada con ID: 2
2025-12-05 19:09:48 - clinica_veterinaria - INFO - Logger configurado correctamente
2025-12-05 19:09:48 - clinica_veterinaria - INFO - ✅ Página principal cargada correctamente.
2025-12-05 19:09:55 - clinica_veterinaria - INFO - Logger configurado correctamente
2025-12-05 19:09:55 - clinica_veterinaria - INFO - ✅ Página principal cargada correctamente.
2025-12-05 19:12:48 - clinica_veterinaria - INFO - Logger configurado correctamente
2025-12-05 19:12:48 - clinica_veterinaria - INFO - ✅ Página principal cargada correctamente.
2025-12-05 19:12:52 - clinica_veterinaria - INFO - Logger configurado correctamente
2025-12-05 19:12:52 - clinica_veterinaria - INFO - ✅ Página principal cargada correctamente.
2025-12-05 19:13:27 - clinica_veterinaria - INFO - Logger configurado correctamente
2025-12-05 19:13:27 - clinica_veterinaria - INFO - ✅ Página principal cargada correctamente.
2025-12-05 19:13:29 - clinica_veterinaria - INFO - Logger configurado correctamente
2025-12-05 19:13:29 - clinica_veterinaria - INFO - ✅ Página principal cargada correctamente.
2025-12-05 19:13:50 - clinica_veterinaria - INFO - Logger configurado correctamente
2025-12-05 19:13:50 - clinica_veterinaria - INFO - ✅ Página principal cargada correctamente.
2025-12-05 19:17:42 - clinica_veterinaria - INFO - Logger configurado correctamente
2025-12-05 19:17:42 - clinica_veterinaria - INFO - ✅ Página principal cargada correctamente.
2025-12-05 19:18:50 - clinica_veterinaria - INFO - Logger configurado correctamente
2025-12-05 19:18:50 - clinica_veterinaria - INFO - Logger configurado correctamente
2025-12-05 19:18:50 - clinica_veterinaria - INFO - ✅ Página principal cargada correctamente.
2025-12-05 19:18:52 - clinica_veterinaria - INFO - ✅ Página principal cargada correctamente.
2025-12-05 19:23:21 - clinica_veterinaria - INFO - ✅ Cita creada con ID: 1
2025-12-05 19:23:38 - clinica_veterinaria - INFO - ✅ Cita creada con ID: 2
2025-12-05 20:02:25 - clinica_veterinaria - INFO - Logger configurado correctamente
2025-12-05 20:02:34 - clinica_veterinaria - INFO - Logger configurado correctamente
2025-12-05 20:02:40 - clinica_veterinaria - INFO - Logger configurado correctamente
2025-12-05 20:02:44 - clinica_veterinaria - INFO - Logger configurado correctamente
2025-12-05 20:02:50 - clinica_veterinaria - INFO - Logger configurado correctamente
2025-12-05 20:02:52 - clinica_veterinaria - INFO - Logger configurado correctamente
2025-12-05 20:03:09 - clinica_veterinaria - INFO - Logger configurado correctamente
2025-12-05 20:03:12 - clinica_veterinaria - INFO - Logger configurado correctamente
2025-12-05 20:03:12 - clinica_veterinaria - INFO - Logger configurado correctamente
2025-12-05 20:03:13 - clinica_veterinaria - INFO - ✅ Login exitoso: admin
2025-12-05 20:03:13 - clinica_veterinaria - INFO - Logger configurado correctamente
2025-12-05 20:03:14 - clinica_veterinaria - INFO - ✅ Página principal cargada correctamente. Usuario: Administrador
2025-12-05 20:03:34 - clinica_veterinaria - INFO - Logger configurado correctamente
2025-12-05 20:03:35 - clinica_veterinaria - INFO - ✅ Página principal cargada correctamente. Usuario: Administrador
2025-12-05 20:04:14 - clinica_veterinaria - INFO - Logger configurado correctamente
2025-12-05 20:04:15 - clinica_veterinaria - INFO - ✅ Página principal cargada correctamente. Usuario: Administrador
2025-12-05 20:04:59 - clinica_veterinaria - INFO - Logger configurado correctamente
2025-12-05 20:05:02 - clinica_veterinaria - INFO - Logger configurado correctamente
2025-12-05 20:05:05 - clinica_veterinaria - INFO - Logger configurado correctamente
2025-12-05 20:05:05 - clinica_veterinaria - INFO - Logger configurado correctamente
2025-12-05 20:05:09 - clinica_veterinaria - INFO - Logger configurado correctamente
2025-12-05 20:05:11 - clinica_veterinaria - INFO - Logger configurado correctamente
2025-12-05 20:05:13 - clinica_veterinaria - INFO - Logger configurado correctamente
2025-12-05 20:05:14 - clinica_veterinaria - INFO - ✅ Login exitoso: admin
2025-12-05 20:05:14 - clinica_veterinaria - INFO - Logger configurado correctamente
2025-12-05 20:05:15 - clinica_veterinaria - INFO - ✅ Página principal cargada correctamente. Usuario: Administrador
2025-12-05 20:05:46 - clinica_veterinaria - INFO - Logger configurado correctamente
2025-12-05 20:05:51 - clinica_veterinaria - INFO - Logger configurado correctamente
2025-12-05 20:05:53 - clinica_veterinaria - INFO - Logger configurado correctamente
2025-12-05 20:05:59 - clinica_veterinaria - INFO - Logger configurado correctamente
2025-12-05 20:05:59 - clinica_veterinaria - INFO - Logger configurado correctamente
2025-12-05 20:06:00 - clinica_veterinaria - INFO - ✅ Login exitoso: admin
2025-12-05 20:06:00 - clinica_veterinaria - INFO - Logger configurado correctamente
2025-12-05 20:06:01 - clinica_veterinaria - INFO - ✅ Página principal cargada correctamente. Usuario: Administrador
2025-12-05 20:06:41 - clinica_veterinaria - INFO - Logger configurado correctamente
2025-12-05 20:06:44 - clinica_veterinaria - INFO - Logger configurado correctamente
2025-12-05 20:06:48 - clinica_veterinaria - INFO - Logger configurado correctamente
2025-12-05 20:06:48 - clinica_veterinaria - INFO - Logger configurado correctamente
2025-12-05 20:06:49 - clinica_veterinaria - INFO - ✅ Login exitoso: admin
2025-12-05 20:06:49 - clinica_veterinaria - INFO - Logger configurado correctamente
2025-12-05 20:06:50 - clinica_veterinaria - INFO - ✅ Página principal cargada correctamente. Usuario: Administrador
2025-12-05 20:07:10 - clinica_veterinaria - INFO - Logger configurado correctamente
2025-12-05 20:07:16 - clinica_veterinaria - INFO - Logger configurado correctamente
2025-12-05 20:07:19 - clinica_veterinaria - INFO - Logger configurado correctamente
2025-12-05 20:08:51 - clinica_veterinaria - INFO - Logger configurado correctamente
2025-12-05 20:08:51 - clinica_veterinaria - INFO - Logger configurado correctamente
2025-12-05 20:08:51 - clinica_veterinaria - INFO - Logger configurado correctamente
2025-12-05 20:08:51 - clinica_veterinaria - INFO - Logger configurado correctamente
2025-12-05 20:08:51 - clinica_veterinaria - INFO - Logger configurado correctamente
2025-12-05 20:08:51 - clinica_veterinaria - INFO - Logger configurado correctamente
2025-12-05 20:08:51 - clinica_veterinaria - INFO - Logger configurado correctamente
2025-12-05 20:08:59 - clinica_veterinaria - INFO - Logger configurado correctamente
2025-12-05 20:08:59 - clinica_veterinaria - INFO - Logger configurado correctamente
2025-12-05 20:08:59 - clinica_veterinaria - INFO - Logger configurado correctamente
2025-12-05 20:09:00 - clinica_veterinaria - INFO - Logger configurado correctamente
2025-12-05 20:09:00 - clinica_veterinaria - INFO - Logger configurado correctamente
2025-12-05 20:09:00 - clinica_veterinaria - INFO - Logger configurado correctamente
2025-12-05 20:09:02 - clinica_veterinaria - INFO - Logger configurado correctamente
2025-12-05 20:09:02 - clinica_veterinaria - INFO - Logger configurado correctamente
2025-12-05 20:09:02 - clinica_veterinaria - INFO - Logger configurado correctamente
2025-12-05 20:09:03 - clinica_veterinaria - INFO - ✅ Login exitoso: admin
2025-12-05 20:09:03 - clinica_veterinaria - INFO - ✅ Login exitoso: admin
2025-12-05 20:09:03 - clinica_veterinaria - INFO - ✅ Login exitoso: admin
2025-12-05 20:09:03 - clinica_veterinaria - INFO - Logger configurado correctamente
2025-12-05 20:09:03 - clinica_veterinaria - INFO - Logger configurado correctamente
2025-12-05 20:09:03 - clinica_veterinaria - INFO - Logger configurado correctamente
2025-12-05 20:09:04 - clinica_veterinaria - INFO - Logger configurado correctamente
2025-12-05 20:09:04 - clinica_veterinaria - INFO - Logger configurado correctamente
2025-12-05 20:09:04 - clinica_veterinaria - INFO - Logger configurado correctamente
2025-12-05 20:09:04 - clinica_veterinaria - INFO - ✅ Página principal cargada correctamente. Usuario: Administrador
2025-12-05 20:09:04 - clinica_veterinaria - INFO - ✅ Página principal cargada correctamente. Usuario: Administrador
2025-12-05 20:09:04 - clinica_veterinaria - INFO - ✅ Página principal cargada correctamente. Usuario: Administrador
2025-12-05 20:09:14 - clinica_veterinaria - INFO - Logger configurado correctamente
2025-12-05 20:09:14 - clinica_veterinaria - INFO - Logger configurado correctamente
2025-12-05 20:09:14 - clinica_veterinaria - INFO - Logger configurado correctamente
2025-12-05 20:09:15 - clinica_veterinaria - INFO - ✅ Página principal cargada correctamente. Usuario: Administrador
2025-12-05 20:09:15 - clinica_veterinaria - INFO - ✅ Página principal cargada correctamente. Usuario: Administrador
2025-12-05 20:09:15 - clinica_veterinaria - INFO - ✅ Página principal cargada correctamente. Usuario: Administrador
2025-12-05 20:09:58 - clinica_veterinaria - INFO - Logger configurado correctamente
2025-12-05 20:10:04 - clinica_veterinaria - INFO - Logger configurado correctamente
2025-12-05 20:10:05 - clinica_veterinaria - INFO - Logger configurado correctamente
2025-12-05 20:10:06 - clinica_veterinaria - INFO - Logger configurado correctamente
2025-12-05 20:10:07 - clinica_veterinaria - INFO - ✅ Login exitoso: admin
2025-12-05 20:10:07 - clinica_veterinaria - INFO - Logger configurado correctamente
2025-12-05 20:10:08 - clinica_veterinaria - INFO - ✅ Página principal cargada correctamente. Usuario: Administrador
2025-12-05 20:10:39 - clinica_veterinaria - INFO - Logger configurado correctamente
2025-12-05 20:10:45 - clinica_veterinaria - INFO - Logger configurado correctamente
2025-12-05 20:10:47 - clinica_veterinaria - INFO - Logger configurado correctamente
2025-12-05 20:10:47 - clinica_veterinaria - INFO - Logger configurado correctamente
2025-12-05 20:10:48 - clinica_veterinaria - INFO - ✅ Login exitoso: admin
2025-12-05 20:10:49 - clinica_veterinaria - INFO - Logger configurado correctamente
2025-12-05 20:10:49 - clinica_veterinaria - INFO - ✅ Página principal cargada correctamente. Usuario: Administrador
2025-12-05 20:11:38 - clinica_veterinaria - INFO - Logger configurado correctamente
2025-12-05 21:17:20 - clinica_veterinaria - INFO - Logger configurado correctamente
2025-12-05 21:17:28 - clinica_veterinaria - INFO - Logger configurado correctamente
2025-12-05 21:17:30 - clinica_veterinaria - INFO - Logger configurado correctamente
2025-12-05 21:17:32 - clinica_veterinaria - INFO - Logger configurado correctamente
2025-12-05 21:17:33 - clinica_veterinaria - INFO - ✅ Login exitoso: admin
2025-12-05 21:17:33 - clinica_veterinaria - INFO - Logger configurado correctamente
2025-12-05 21:17:34 - clinica_veterinaria - INFO - Logger configurado correctamente
2025-12-05 21:18:21 - clinica_veterinaria - INFO - Logger configurado correctamente
2025-12-05 21:18:27 - clinica_veterinaria - INFO - Logger configurado correctamente
2025-12-05 21:18:29 - clinica_veterinaria - INFO - Logger configurado correctamente
2025-12-05 21:18:29 - clinica_veterinaria - INFO - Logger configurado correctamente
2025-12-05 21:18:31 - clinica_veterinaria - INFO - Logger configurado correctamente
2025-12-05 21:18:32 - clinica_veterinaria - INFO - ✅ Login exitoso: admin
2025-12-05 21:18:32 - clinica_veterinaria - INFO - Logger configurado correctamente
2025-12-05 21:18:34 - clinica_veterinaria - INFO - ✅ Página principal cargada correctamente. Usuario: Administrador
2025-12-05 21:20:57 - clinica_veterinaria - INFO - Logger configurado correctamente
2025-12-05 21:21:03 - clinica_veterinaria - INFO - Logger configurado correctamente
2025-12-05 21:21:04 - clinica_veterinaria - INFO - Logger configurado correctamente
2025-12-05 21:21:05 - clinica_veterinaria - INFO - Logger configurado correctamente
2025-12-05 21:21:05 - clinica_veterinaria - INFO - Logger configurado correctamente
2025-12-05 21:21:05 - clinica_veterinaria - INFO - Logger configurado correctamente
2025-12-05 21:21:07 - clinica_veterinaria - INFO - ✅ Login exitoso: admin
2025-12-05 21:21:07 - clinica_veterinaria - INFO - Logger configurado correctamente
2025-12-05 21:21:09 - clinica_veterinaria - INFO - ✅ Página principal cargada correctamente. Usuario: Administrador
2025-12-05 21:21:34 - clinica_veterinaria - INFO - Logger configurado correctamente
2025-12-05 21:21:40 - clinica_veterinaria - INFO - Logger configurado correctamente
2025-12-05 21:21:42 - clinica_veterinaria - INFO - Logger configurado correctamente
2025-12-05 21:22:00 - clinica_veterinaria - INFO - Logger configurado correctamente
2025-12-05 21:22:02 - clinica_veterinaria - INFO - ✅ Login exitoso: admin
2025-12-05 21:22:02 - clinica_veterinaria - INFO - Logger configurado correctamente
2025-12-05 21:22:04 - clinica_veterinaria - INFO - ✅ Página principal cargada correctamente. Usuario: Administrador
2025-12-05 21:23:53 - clinica_veterinaria - INFO - Logger configurado correctamente
2025-12-05 21:24:02 - clinica_veterinaria - INFO - Logger configurado correctamente
2025-12-05 21:24:05 - clinica_veterinaria - INFO - Logger configurado correctamente
2025-12-05 21:24:07 - clinica_veterinaria - INFO - Logger configurado correctamente
2025-12-05 21:24:08 - clinica_veterinaria - INFO - ✅ Login exitoso: admin
2025-12-05 21:24:08 - clinica_veterinaria - INFO - Logger configurado correctamente
2025-12-05 21:24:10 - clinica_veterinaria - INFO - ✅ Página principal cargada correctamente. Usuario: Administrador
2025-12-05 21:26:41 - clinica_veterinaria - INFO - Logger configurado correctamente
2025-12-05 21:27:14 - clinica_veterinaria - INFO - Logger configurado correctamente
2025-12-05 21:27:38 - clinica_veterinaria - INFO - Logger configurado correctamente
2025-12-05 21:27:54 - clinica_veterinaria - INFO - Logger configurado correctamente
2025-12-05 21:28:19 - clinica_veterinaria - INFO - Logger configurado correctamente
2025-12-05 21:29:10 - clinica_veterinaria - INFO - Logger configurado correctamente
2025-12-05 21:30:07 - clinica_veterinaria - INFO - Logger configurado correctamente
2025-12-05 21:30:16 - clinica_veterinaria - INFO - Logger configurado correctamente
2025-12-05 21:31:20 - clinica_veterinaria - INFO - Logger configurado correctamente
2025-12-05 21:31:26 - clinica_veterinaria - INFO - Logger configurado correctamente
2025-12-05 21:31:30 - clinica_veterinaria - INFO - Logger configurado correctamente
2025-12-05 21:31:32 - clinica_veterinaria - INFO - Logger configurado correctamente
2025-12-05 21:31:32 - clinica_veterinaria - INFO - Logger configurado correctamente
2025-12-05 21:31:34 - clinica_veterinaria - INFO - ✅ Login exitoso: admin
2025-12-05 21:31:34 - clinica_veterinaria - INFO - Logger configurado correctamente
2025-12-05 21:31:35 - clinica_veterinaria - INFO - ✅ Página principal cargada correctamente. Usuario: Administrador
2025-12-05 21:31:46 - clinica_veterinaria - INFO - Logger configurado correctamente
2025-12-05 21:31:47 - clinica_veterinaria - INFO - ✅ Página principal cargada correctamente. Usuario: Administrador
2025-12-06 19:25:32 - clinica_veterinaria - INFO - Logger configurado correctamente
2025-12-06 19:28:27 - clinica_veterinaria - INFO - Logger configurado correctamente
2025-12-06 19:28:32 - clinica_veterinaria - INFO - Logger configurado correctamente
2025-12-06 19:28:32 - clinica_veterinaria - INFO - Logger configurado correctamente
2025-12-06 19:28:32 - clinica_veterinaria - INFO - Logger configurado correctamente
2025-12-06 19:28:35 - clinica_veterinaria - WARNING - ⚠ Intento fallido con usuario: admin
2025-12-06 19:28:39 - clinica_veterinaria - INFO - Logger configurado correctamente
2025-12-06 19:28:39 - clinica_veterinaria - INFO - Logger configurado correctamente
2025-12-06 19:28:42 - clinica_veterinaria - INFO - ✅ Login exitoso: admin
2025-12-06 19:28:42 - clinica_veterinaria - INFO - Logger configurado correctamente
2025-12-06 19:28:45 - clinica_veterinaria - INFO - ✅ Página principal cargada correctamente. Usuario: Administrador
2025-12-06 19:36:18 - clinica_veterinaria - INFO - Logger configurado correctamente
2025-12-06 19:36:19 - clinica_veterinaria - INFO - Logger configurado correctamente
2025-12-06 19:36:28 - clinica_veterinaria - INFO - Logger configurado correctamente
2025-12-06 19:36:31 - clinica_veterinaria - INFO - Logger configurado correctamente
2025-12-06 19:36:31 - clinica_veterinaria - INFO - Logger configurado correctamente
2025-12-06 19:36:34 - clinica_veterinaria - INFO - ✅ Login exitoso: admin
2025-12-06 19:36:34 - clinica_veterinaria - INFO - Logger configurado correctamente
2025-12-06 19:37:18 - clinica_veterinaria - INFO - Logger configurado correctamente
2025-12-06 19:37:22 - clinica_veterinaria - INFO - Logger configurado correctamente
2025-12-06 19:37:25 - clinica_veterinaria - INFO - Logger configurado correctamente
2025-12-06 19:37:25 - clinica_veterinaria - INFO - Logger configurado correctamente
2025-12-06 19:37:28 - clinica_veterinaria - INFO - ✅ Login exitoso: admin
2025-12-06 19:37:28 - clinica_veterinaria - INFO - Logger configurado correctamente
2025-12-06 19:37:58 - clinica_veterinaria - INFO - ✅ Mascota creada con ID: 3
2025-12-06 19:39:24 - clinica_veterinaria - INFO - ✅ Mascota creada con ID: 4
2025-12-06 19:40:22 - clinica_veterinaria - INFO - Logger configurado correctamente
2025-12-06 19:40:26 - clinica_veterinaria - INFO - Logger configurado correctamente
2025-12-06 19:40:29 - clinica_veterinaria - INFO - Logger configurado correctamente
2025-12-06 19:40:29 - clinica_veterinaria - INFO - Logger configurado correctamente
2025-12-06 19:40:32 - clinica_veterinaria - INFO - ✅ Login exitoso: admin
2025-12-06 19:42:30 - clinica_veterinaria - INFO - Logger configurado correctamente
2025-12-06 19:42:35 - clinica_veterinaria - INFO - Logger configurado correctamente
2025-12-06 19:42:38 - clinica_veterinaria - INFO - Logger configurado correctamente
2025-12-06 19:42:38 - clinica_veterinaria - INFO - Logger configurado correctamente
2025-12-06 19:42:41 - clinica_veterinaria - WARNING - ⚠ Intento fallido con usuario: admin
2025-12-06 19:42:43 - clinica_veterinaria - INFO - Logger configurado correctamente
2025-12-06 19:42:43 - clinica_veterinaria - INFO - Logger configurado correctamente
2025-12-06 19:42:46 - clinica_veterinaria - INFO - ✅ Login exitoso: admin
2025-12-06 19:42:46 - clinica_veterinaria - INFO - Logger configurado correctamente
2025-12-06 19:42:48 - clinica_veterinaria - INFO - ✅ Página principal cargada correctamente. Usuario: Administrador
2025-12-06 19:43:08 - clinica_veterinaria - INFO - ✅ Cita creada con ID: 3
2025-12-06 19:45:02 - clinica_veterinaria - INFO - Logger configurado correctamente
2025-12-06 19:45:06 - clinica_veterinaria - INFO - Logger configurado correctamente
2025-12-06 19:45:10 - clinica_veterinaria - INFO - Logger configurado correctamente
2025-12-06 19:45:10 - clinica_veterinaria - INFO - Logger configurado correctamente
2025-12-06 19:45:13 - clinica_veterinaria - INFO - ✅ Login exitoso: admin
2025-12-06 19:45:13 - clinica_veterinaria - INFO - Logger configurado correctamente
2025-12-06 19:45:16 - clinica_veterinaria - INFO - ✅ Página principal cargada correctamente. Usuario: Administrador
2025-12-06 19:46:46 - clinica_veterinaria - INFO - Logger configurado correctamente
2025-12-06 19:46:51 - clinica_veterinaria - INFO - Logger configurado correctamente
2025-12-06 19:46:57 - clinica_veterinaria - INFO - Logger configurado correctamente
2025-12-06 19:46:57 - clinica_veterinaria - INFO - Logger configurado correctamente
2025-12-06 19:47:00 - clinica_veterinaria - INFO - ✅ Login exitoso: admin
2025-12-06 19:47:00 - clinica_veterinaria - INFO - Logger configurado correctamente
2025-12-06 19:47:02 - clinica_veterinaria - INFO - ✅ Página principal cargada correctamente. Usuario: Administrador
2025-12-06 19:53:44 - clinica_veterinaria - INFO - Logger configurado correctamente
2025-12-06 19:53:49 - clinica_veterinaria - INFO - Logger configurado correctamente
2025-12-06 19:53:53 - clinica_veterinaria - INFO - Logger configurado correctamente
2025-12-06 19:53:53 - clinica_veterinaria - INFO - Logger configurado correctamente
2025-12-06 19:53:56 - clinica_veterinaria - INFO - ✅ Login exitoso: admin
2025-12-06 19:53:56 - clinica_veterinaria - INFO - Logger configurado correctamente
2025-12-06 19:55:11 - clinica_veterinaria - INFO - Logger configurado correctamente
2025-12-06 19:55:15 - clinica_veterinaria - INFO - Logger configurado correctamente
2025-12-06 19:55:17 - clinica_veterinaria - INFO - Logger configurado correctamente
2025-12-06 19:55:18 - clinica_veterinaria - INFO - Logger configurado correctamente
2025-12-06 19:55:20 - clinica_veterinaria - INFO - ✅ Login exitoso: admin
2025-12-06 19:55:21 - clinica_veterinaria - INFO - Logger configurado correctamente
2025-12-06 19:55:23 - clinica_veterinaria - INFO - ✅ Página principal cargada correctamente. Usuario: Administrador
2025-12-06 20:05:18 - clinica_veterinaria - INFO - Logger configurado correctamente
2025-12-06 20:05:26 - clinica_veterinaria - INFO - Logger configurado correctamente
2025-12-06 20:05:29 - clinica_veterinaria - INFO - Logger configurado correctamente
2025-12-06 20:05:29 - clinica_veterinaria - INFO - Logger configurado correctamente
2025-12-06 20:05:32 - clinica_veterinaria - INFO - ✅ Login exitoso: admin
2025-12-06 20:05:32 - clinica_veterinaria - INFO - Logger configurado correctamente
2025-12-06 20:09:54 - clinica_veterinaria - INFO - Logger configurado correctamente
2025-12-06 20:10:03 - clinica_veterinaria - INFO - Logger configurado correctamente
2025-12-06 20:10:06 - clinica_veterinaria - INFO - Logger configurado correctamente
2025-12-06 20:10:06 - clinica_veterinaria - INFO - Logger configurado correctamente
2025-12-06 20:10:08 - clinica_veterinaria - INFO - ✅ Login exitoso: admin
2025-12-06 20:10:09 - clinica_veterinaria - INFO - Logger configurado correctamente
2025-12-06 20:13:19 - clinica_veterinaria - INFO - Logger configurado correctamente
2025-12-06 20:13:32 - clinica_veterinaria - INFO - Logger configurado correctamente
2025-12-06 20:13:36 - clinica_veterinaria - INFO - Logger configurado correctamente
2025-12-06 20:13:37 - clinica_veterinaria - INFO - Logger configurado correctamente
2025-12-06 20:13:40 - clinica_veterinaria - INFO - ✅ Login exitoso: admin
2025-12-06 20:13:40 - clinica_veterinaria - INFO - Logger configurado correctamente
2025-12-06 20:13:42 - clinica_veterinaria - INFO - ✅ Página principal cargada correctamente. Usuario: Administrador
2025-12-06 20:17:36 - clinica_veterinaria - INFO - Logger configurado correctamente
2025-12-06 20:17:41 - clinica_veterinaria - INFO - Logger configurado correctamente
2025-12-06 20:17:43 - clinica_veterinaria - INFO - Logger configurado correctamente
2025-12-06 20:17:43 - clinica_veterinaria - INFO - Logger configurado correctamente
2025-12-06 20:17:46 - clinica_veterinaria - INFO - ✅ Login exitoso: admin
2025-12-06 20:17:46 - clinica_veterinaria - INFO - Logger configurado correctamente
2025-12-06 20:17:47 - clinica_veterinaria - INFO - Logger configurado correctamente
2025-12-06 20:17:49 - clinica_veterinaria - INFO - ✅ Página principal cargada correctamente. Usuario: Administrador
2025-12-06 20:21:53 - clinica_veterinaria - INFO - Logger configurado correctamente
2025-12-06 20:22:31 - clinica_veterinaria - INFO - Logger configurado correctamente
2025-12-06 20:22:33 - clinica_veterinaria - INFO - Logger configurado correctamente
2025-12-06 20:22:40 - clinica_veterinaria - INFO - Logger configurado correctamente
2025-12-06 20:22:43 - clinica_veterinaria - INFO - ✅ Login exitoso: admin
2025-12-06 20:22:43 - clinica_veterinaria - INFO - Logger configurado correctamente
2025-12-06 20:22:45 - clinica_veterinaria - INFO - ✅ Página principal cargada correctamente. Usuario: Administrador
2025-12-06 20:24:13 - clinica_veterinaria - INFO - Logger configurado correctamente
2025-12-06 20:24:26 - clinica_veterinaria - INFO - Logger configurado correctamente
2025-12-06 20:24:28 - clinica_veterinaria - INFO - Logger configurado correctamente
2025-12-06 20:24:28 - clinica_veterinaria - INFO - Logger configurado correctamente
2025-12-06 20:24:30 - clinica_veterinaria - INFO - ✅ Login exitoso: admin
2025-12-06 20:24:30 - clinica_veterinaria - INFO - Logger configurado correctamente
2025-12-06 20:24:33 - clinica_veterinaria - INFO - ✅ Página principal cargada correctamente. Usuario: Administrador
2025-12-06 20:28:32 - clinica_veterinaria - INFO - ✅ Mascota creada con ID: 5
2025-12-06 20:28:43 - clinica_veterinaria - INFO - ✅ Mascota creada con ID: 6
2025-12-06 20:29:19 - clinica_veterinaria - INFO - ✅ Mascota creada con ID: 7
2025-12-06 20:29:30 - clinica_veterinaria - INFO - Logger configurado correctamente
2025-12-06 20:29:32 - clinica_veterinaria - INFO - ✅ Página principal cargada correctamente. Usuario: Administrador
2025-12-06 20:29:34 - clinica_veterinaria - INFO - Logger configurado correctamente
2025-12-06 20:29:35 - clinica_veterinaria - INFO - ✅ Página principal cargada correctamente. Usuario: Administrador
2025-12-06 20:30:14 - clinica_veterinaria - INFO - ✅ Mascota creada con ID: 8
